Determining if the pthread_create exist failed with the following output:
Change Dir: /afs/athena.mit.edu/user/x/t/xtnbui/Desktop/6.837/6.837_final_project/build/CMakeFiles/CMakeTmp

Run Build Command:/usr/bin/make "cmTryCompileExec3710924055/fast"
/usr/bin/make -f CMakeFiles/cmTryCompileExec3710924055.dir/build.make CMakeFiles/cmTryCompileExec3710924055.dir/build
make[1]: Entering directory `/afs/athena.mit.edu/user/x/t/xtnbui/Desktop/6.837/6.837_final_project/build/CMakeFiles/CMakeTmp'
/usr/bin/cmake -E cmake_progress_report /afs/athena.mit.edu/user/x/t/xtnbui/Desktop/6.837/6.837_final_project/build/CMakeFiles/CMakeTmp/CMakeFiles 1
Building C object CMakeFiles/cmTryCompileExec3710924055.dir/CheckSymbolExists.c.o
/usr/bin/cc    -o CMakeFiles/cmTryCompileExec3710924055.dir/CheckSymbolExists.c.o   -c /afs/athena.mit.edu/user/x/t/xtnbui/Desktop/6.837/6.837_final_project/build/CMakeFiles/CMakeTmp/CheckSymbolExists.c
Linking C executable cmTryCompileExec3710924055
/usr/bin/cmake -E cmake_link_script CMakeFiles/cmTryCompileExec3710924055.dir/link.txt --verbose=1
/usr/bin/cc       CMakeFiles/cmTryCompileExec3710924055.dir/CheckSymbolExists.c.o  -o cmTryCompileExec3710924055 -rdynamic 
CMakeFiles/cmTryCompileExec3710924055.dir/CheckSymbolExists.c.o: In function `main':
CheckSymbolExists.c:(.text+0x16): undefined reference to `pthread_create'
collect2: error: ld returned 1 exit status
make[1]: *** [cmTryCompileExec3710924055] Error 1
make[1]: Leaving directory `/afs/athena.mit.edu/user/x/t/xtnbui/Desktop/6.837/6.837_final_project/build/CMakeFiles/CMakeTmp'
make: *** [cmTryCompileExec3710924055/fast] Error 2

File /afs/athena.mit.edu/user/x/t/xtnbui/Desktop/6.837/6.837_final_project/build/CMakeFiles/CMakeTmp/CheckSymbolExists.c:
/* */
#include <pthread.h>

int main(int argc, char** argv)
{
  (void)argv;
#ifndef pthread_create
  return ((int*)(&pthread_create))[argc];
#else
  (void)argc;
  return 0;
#endif
}

Determining if the function pthread_create exists in the pthreads failed with the following output:
Change Dir: /afs/athena.mit.edu/user/x/t/xtnbui/Desktop/6.837/6.837_final_project/build/CMakeFiles/CMakeTmp

Run Build Command:/usr/bin/make "cmTryCompileExec155525487/fast"
/usr/bin/make -f CMakeFiles/cmTryCompileExec155525487.dir/build.make CMakeFiles/cmTryCompileExec155525487.dir/build
make[1]: Entering directory `/afs/athena.mit.edu/user/x/t/xtnbui/Desktop/6.837/6.837_final_project/build/CMakeFiles/CMakeTmp'
/usr/bin/cmake -E cmake_progress_report /afs/athena.mit.edu/user/x/t/xtnbui/Desktop/6.837/6.837_final_project/build/CMakeFiles/CMakeTmp/CMakeFiles 1
Building C object CMakeFiles/cmTryCompileExec155525487.dir/CheckFunctionExists.c.o
/usr/bin/cc   -DCHECK_FUNCTION_EXISTS=pthread_create   -o CMakeFiles/cmTryCompileExec155525487.dir/CheckFunctionExists.c.o   -c /usr/share/cmake-2.8/Modules/CheckFunctionExists.c
Linking C executable cmTryCompileExec155525487
/usr/bin/cmake -E cmake_link_script CMakeFiles/cmTryCompileExec155525487.dir/link.txt --verbose=1
/usr/bin/cc   -DCHECK_FUNCTION_EXISTS=pthread_create    CMakeFiles/cmTryCompileExec155525487.dir/CheckFunctionExists.c.o  -o cmTryCompileExec155525487 -rdynamic -lpthreads 
/usr/bin/ld: cannot find -lpthreads
collect2: error: ld returned 1 exit status
make[1]: *** [cmTryCompileExec155525487] Error 1
make[1]: Leaving directory `/afs/athena.mit.edu/user/x/t/xtnbui/Desktop/6.837/6.837_final_project/build/CMakeFiles/CMakeTmp'
make: *** [cmTryCompileExec155525487/fast] Error 2


